\BOOKMARK [1][-]{section.1}{The centralized state of the world}{}% 1
\BOOKMARK [2][-]{subsection.1.1}{The centralized state of the internet}{section.1}% 2
\BOOKMARK [3][-]{subsubsection.1.1.1}{Centralization of access}{subsection.1.1}% 3
\BOOKMARK [3][-]{subsubsection.1.1.2}{Centralization of processing, storage and infrastructure}{subsection.1.1}% 4
\BOOKMARK [2][-]{subsection.1.2}{The dangers related to the Internet of Things \(IoT\)}{section.1}% 5
\BOOKMARK [1][-]{section.2}{The Ki Foundation}{}% 6
\BOOKMARK [1][-]{section.3}{Ki Blockchain: Why reputation is important}{}% 7
\BOOKMARK [2][-]{subsection.3.1}{Why a new consensus?}{section.3}% 8
\BOOKMARK [3][-]{subsubsection.3.1.1}{Decentralizing the validation process}{subsection.3.1}% 9
\BOOKMARK [3][-]{subsubsection.3.1.2}{Maintaining security of the network}{subsection.3.1}% 10
\BOOKMARK [3][-]{subsubsection.3.1.3}{Weighting stakes based on stake age and reputation}{subsection.3.1}% 11
\BOOKMARK [2][-]{subsection.3.2}{Building a fair, secure and scalable blockchain}{section.3}% 12
\BOOKMARK [3][-]{subsubsection.3.2.1}{The validator list}{subsection.3.2}% 13
\BOOKMARK [3][-]{subsubsection.3.2.2}{Validator reputation}{subsection.3.2}% 14
\BOOKMARK [3][-]{subsubsection.3.2.3}{Reputation weighting}{subsection.3.2}% 15
\BOOKMARK [3][-]{subsubsection.3.2.4}{Dynamic rewards}{subsection.3.2}% 16
\BOOKMARK [3][-]{subsubsection.3.2.5}{User privacy}{subsection.3.2}% 17
\BOOKMARK [2][-]{subsection.3.3}{Ki blockchain tools}{section.3}% 18
\BOOKMARK [2][-]{subsection.3.4}{Ki blockchain roadmap}{section.3}% 19
\BOOKMARK [1][-]{section.4}{The Ki device}{}% 20
\BOOKMARK [2][-]{subsection.4.1}{A privacy-first approach}{section.4}% 21
\BOOKMARK [2][-]{subsection.4.2}{Building resiliency and security}{section.4}% 22
\BOOKMARK [1][-]{section.5}{The Ki ecosystem }{}% 23
\BOOKMARK [2][-]{subsection.5.1}{Stakeholders}{section.5}% 24
\BOOKMARK [2][-]{subsection.5.2}{Bringing wireless communications together}{section.5}% 25
\BOOKMARK [2][-]{subsection.5.3}{Enabling a global decentralized mobile network}{section.5}% 26
\BOOKMARK [2][-]{subsection.5.4}{The Ki Token}{section.5}% 27
\BOOKMARK [1][-]{section.6}{Governance}{}% 28
\BOOKMARK [1][-]{section.7}{Legal}{}% 29
\BOOKMARK [2][-]{subsection.7.1}{Important information}{section.7}% 30
\BOOKMARK [2][-]{subsection.7.2}{Cautionary note on forward-looking statements}{section.7}% 31
\BOOKMARK [2][-]{subsection.7.3}{Acquisition of Ki tokens}{section.7}% 32
\BOOKMARK [2][-]{subsection.7.4}{General disclaimer}{section.7}% 33
